<?xml version="1.0" encoding="UTF-8"?>
<testng-results skipped="0" failed="0" ignored="0" total="1" passed="1">
  <reporter-output>
  </reporter-output>
  <suite name="Default suite" duration-ms="681" started-at="2022-03-10T11:55:19Z" finished-at="2022-03-10T11:55:20Z">
    <groups>
    </groups>
    <test name="Default test" duration-ms="681" started-at="2022-03-10T11:55:19Z" finished-at="2022-03-10T11:55:20Z">
      <class name="PracticeGithub.Demo">
        <test-method status="PASS" signature="demo()[pri:0, instance:PracticeGithub.Demo@f4468b]" name="demo" duration-ms="128" started-at="2022-03-10T11:55:20Z" finished-at="2022-03-10T11:55:20Z">
          <reporter-output>
          </reporter-output>
        </test-method> <!-- demo -->
      </class> <!-- PracticeGithub.Demo -->
    </test> <!-- Default test -->
  </suite> <!-- Default suite -->
</testng-results>
